Begin Incremental Netlisting May  9 17:55:42 2022
End netlisting May  9 17:55:42 2022
Begin Incremental Netlisting May  9 17:56:48 2022
End netlisting May  9 17:56:48 2022
Begin Incremental Netlisting May  9 18:12:34 2022
End netlisting May  9 18:12:34 2022
Begin Incremental Netlisting May  9 18:12:57 2022
End netlisting May  9 18:12:57 2022
Begin Incremental Netlisting May  9 18:19:44 2022
End netlisting May  9 18:19:45 2022
Begin Incremental Netlisting May  9 18:24:36 2022
WARNING (OSSHNL-160): The primitive, 'umc13mmrf/DIONW_L130E/spectre', was not
used in the last netlisting session in this
current run directory. Therefore,
re-netlisting all cell views where this
primitive is instantiated.

End netlisting May  9 18:24:37 2022
Begin Incremental Netlisting May  9 18:25:56 2022
End netlisting May  9 18:25:57 2022
Begin Incremental Netlisting May  9 18:27:05 2022
End netlisting May  9 18:27:05 2022
Begin Incremental Netlisting May  9 18:28:02 2022
End netlisting May  9 18:28:03 2022
Begin Incremental Netlisting May  9 18:28:15 2022
End netlisting May  9 18:28:16 2022
