\# Program start time UTC 2022.05.04 11:43:48.406
\# Local time Wednesday 4 May 2022, 7:43 pm
\o Program:		@(#)$CDS: virtuoso version 6.1.7-64b 01/19/2016 02:05 (sjfnl116) $
\o Hierarchy:		/usr/local/cadence6/IC617-701/tools.lnx86/dfII/
\o Sub version:		sub-version  IC6.1.7-64b.500.1  (64-bit addresses)
\# Command line:	/usr/local/cadence6/IC617-701/tools/dfII/bin/64bit/virtuoso
\# Host name (type):	dep56130nix (x86_64)
\# Operating system:	Linux 3.10.0-1160.53.1.el7.x86_64 #1 SMP Thu Dec 16 10:19:28 UTC 2021
\# Linux /etc/issue:	\S
\# Linux /etc/issue:	Kernel \r on an \m
\# X display name (WxH):	:0 (1920x1080)
\# Available geometry:			TL(0:27) BR(1919:1079)
\# X server:			The X.Org Foundation
\# Depth of Visual (Root):	24 (24)
\# Number of Planes Used:	24
\# X version:		11.0 (vendor release 12004000)
\# X resource pool:	base 0x2600000, mask 0x1fffff (2097151), shift 0
\# 			current id 0x0, current max 0x1ffffa (2097146)
\# Max data seg size:	     unlimited
\# Max process size:	     unlimited
\# Initial sbrk value:	        365 MB
\# Available memory:	     18,430 MB
\# System memory:	     23,859 MB
\# Maximum memory size:	     23,569 MB
\# Max mem available:	     18,505 MB
\# Initial memory used:	         75 MB
\#        process size:	        872 MB
\# Qt version:		4.8.5
\# Window Manager:	other
\# User Name:		22484032
\o Working Directory:	dep56130nix:/uwa_network_storage/shared/studentdata/ELEC/ELEC5503/Group-01/SmallPixel/myvirtuoso
\# Process Id:		27820
\o 
\o COPYRIGHT © 1992-2015  CADENCE DESIGN SYSTEMS INC.  ALL RIGHTS RESERVED.
\o           © 1992-2015  UNIX SYSTEMS Laboratories INC.,
\o                          Reproduced with permission.
\o 
\o This Cadence Design Systems program and online documentation are
\o proprietary/confidential information and may be disclosed/used only
\o as authorized in a license agreement controlling such use and disclosure.
\o 
\o           RESTRICTED RIGHTS NOTICE (SHORT FORM)
\o Use/reproduction/disclosure is subject to restriction
\o set forth at FAR 1252.227-19 or its equivalent.
\o Loading geView.cxt 
\o Loading menuBuilder.cxt 
\o Loading schView.cxt 
\o Loading selectSv.cxt 
\o Loading wireEdit.cxt 
\o Loading pte2.cxt 
\o Loading xlUI.cxt 
\o Loading auCore.cxt 
\o Loading vhdl.cxt 
\o Loading seismic.cxt 
\o Loading ci.cxt 
\o Loading ams.cxt 
\o Virtuoso Framework License (111) was checked out successfully. Total checkout time was 0.03s.
\p > 
\a _treeSetOpcGUI(t)
\r t
\a hiResizeWindow(window(1) list(-1:-1 1919:1015))
\r t
\a ddsOpenLibManager()
\r t
\# Available memory:         18,345 MB at UTC 2022.05.04 11:43:58.247
\# Memory report: Maximum memory size now 18,496 MB at UTC 2022.05.04 11:43:58.247
\o  
\o Library Manager new cellview request for library "Project_Lib1".
\i deNew('(nil libName "Project_Lib1"))
\p > 
\a hiiSetCurrentForm('deNewForm)
\r t
\a deNewForm->deCellName->value="binary_counter"
\r "binary_counter"
\a hiFormDone(deNewForm)
\r t
\p > 
\a hiDBoxUser(_icLicLicenseQuestionDBox nil 1)
\r t
\o *INFO* (icLic-302) License Virtuoso_Schematic_Editor_XL ("95115") was used to run Schematics L.
\o Loading umc13mmrf/libInit.il ...
\o 	Loading umc13mmrf/loadCxt.ile ... done!
\o 	Loading context 'umc13mmrf' from library 'umc13mmrf' ... done!
\o 	Loading context 'pdkUtils' from library 'umc13mmrf' ... done!
\o 	Loading context 'Util' from library 'umc13mmrf' ... done!
\o 	Loading context 'userUtil' from library 'umc13mmrf' ... done!
\o 	Loading context 'oxf_cb' from library 'umc13mmrf' ... done!
\o 	Loading umc13mmrf/display.drf ... done!
\o 	Loading umc13mmrf/libInitCustomExit.il ... Loading oasis.cxt 
\o Loading analog.cxt 
\o Loading asimenv.cxt 
\o Loading spectrei.cxt 
\# Memory report: using         220 MB, process size 1,095 MB at UTC 2022.05.04 11:44:07.175
\o Loading devCheck.cxt 
\o Loading relXpert.cxt 
\o Loading hspiceD.cxt 
\o done!
\o Loaded umc13mmrf/libInit.il successfully!
\o Loading label display file for library umc13mmrf
\o Loading cdf.cxt 
\o Loading schematic.cxt 
\o Loading ddui.cxt 
\o Loading vb.cxt 
\o Loading nt.cxt 
\o Loading oi.cxt 
\o Loading see.cxt 
\o Loading treeAssistant.cxt 
\o Loading asst.cxt 
\o Loading mtv.cxt 
\o Loading le.cxt 
\o Loading leToolbox.cxt 
\a _treeNavActivateOpc(dwindow('treeAssistant1) "")
\r t
\o Loading hsm.cxt 
\o Loading simui.cxt 
\o Loading lx.cxt 
\o Loading lce.cxt 
\o Loading rte.cxt 
\o Loading mpt.cxt 
\a when(dwindow('oiAssistant1) hiMapWindow(dwindow('oiAssistant1)))
\r t
\a when(dwindow('treeAssistant1) hiMapWindow(dwindow('treeAssistant1)))
\r t
\a schHiCreateInst()
\p > 
\a hiiSetCurrentForm('schCreateInstForm)
\r t
\a schCreateInstForm->libraryName->value="Project_Lib1"
\r "Project_Lib1"
\a schCreateInstForm->cellName->value="dff"
\r "dff"
\a hiZoomOutAtMouse()
\i -1.125:0.3125
\r t
\a hiZoomOutAtMouse()
\i -1.1875:0.25
\r t
\a hiZoomInAtMouse()
\i -1.0625:0.3125
\r t
\a mouseAddPt(t)
\i -1.44375:0.14375
\r t
\a mouseAddPt(t)
\i 0.95:0.11875
\r t
\a mouseAddPt(t)
\i 3.11875:0.1625
\r t
\a hiDynamicPanGrabbing()
\i 3.63125:-0.33125
\p > 
\a addPoint(hiGetCommandPoint())
\i 0.36875:-0.04375
\r t
\r t
\a mouseAddPt(t)
\i 5.38125:0.19375
\r t
\a hiDynamicPanGrabbing()
\i 6.83125:0.0625
\p > 
\a addPoint(hiGetCommandPoint())
\i 8.4625:-0.20625
\r t
\r t
\a hiZoomIn(window(2) list(-3.99375:-4.04375 6.30625:3.98125))
\r t
\a hiZoomOutAtMouse()
\i 5:0.5
\r t
\a hiZoomOutAtMouse()
\i 4.5:0.5
\r t
\a hiDynamicPanGrabbing()
\i 2.09375:-0.75625
\p > 
\a addPoint(hiGetCommandPoint())
\i -5.15:-1.625
\r t
\r t
\a mouseAddPt(t)
\i 7.76875:0.175
\r t
\a mouseAddPt(t)
\i 10.03125:0.11875
\r t
\a mouseAddPt(t)
\i 12.23125:0.11875
\r t
\a mouseAddPt(t)
\i 14.55:0.11875
\r t
\a cancelEnterFun()
\r t
\r nil
\a hiZoomInAtMouse()
\i 6.9375:-1.75
\r t
\a hiZoomInAtMouse()
\i 6.9375:-1.75
\r t
\a hiDynamicPanGrabbing()
\i 5.09375:-1.025
\p > 
\a addPoint(hiGetCommandPoint())
\i 6.28125:-1.4125
\r t
\r t
\a hiDynamicPanGrabbing()
\i 2.6:-0.3375
\p > 
\a addPoint(hiGetCommandPoint())
\i 3.64375:-0.5875
\r t
\r t
\a hiZoomInAtMouse()
\i 0.875:0
\r t
\a hiDynamicPanGrabbing()
\i 0.6625:0.05
\p > 
\a addPoint(hiGetCommandPoint())
\i 2.20625:0
\r t
\r t
\a hiDynamicPanGrabbing()
\i -0.575:-0.90625
\p > 
\a addPoint(hiGetCommandPoint())
\i 1.34375:-0.7
\r t
\r t
\a hiResizeWindow(swindow(1) list(-1:-1 1919:1015))
\r t
\a hiDynamicPanGrabbing()
\i 0.21875:-1.2625
\p > 
\a addPoint(hiGetCommandPoint())
\i 1.20625:-2.85
\r t
\r t
\a hiZoomInAtMouse()
\i 0.25:-1.25
\r t
\a schHiCreateWire(0.0)
\o Loading layers.cxt 
\p > 
\a hiZoomOutAtMouse()
\i 0.375:-0.0625
\r t
\a hiZoomInAtMouse()
\i 0.3125:-0.125
\r t
\a hiDynamicPanGrabbing()
\i 0.325:-0.1125
\p > 
\a addPoint(hiGetCommandPoint())
\i 0.51875:-0.6625
\r t
\r t
\a mouseAddPt(t)
\i 0.0625:-0.38125
\r t
\a mouseAddPt(t)
\i 0.2625:-0.38125
\r t
\a mouseAddPt(t)
\i -1.43125:0.1375
\r t
\a hiDynamicPanGrabbing()
\i 1.49375:0.0625
\p > 
\a addPoint(hiGetCommandPoint())
\i 0.925:-0.0125
\r t
\r t
\a mouseAddPt(t)
\i 0.0625:0.15625
\r t
\a mouseAddPt(t)
\i 0.0625:0.94375
\r t
\a schMouseApplyOrFinish()
\i 0.0625:0.9375
\r t
\a hiDynamicPanGrabbing()
\i 0.54375:0.4
\p > 
\a addPoint(hiGetCommandPoint())
\i -0.05625:0.3375
\r t
\r t
\a hiZoomOutAtMouse()
\i 0.5625:0.75
\r t
\a hiDynamicPanGrabbing()
\i 0.5875:0.6625
\p > 
\a addPoint(hiGetCommandPoint())
\i 1.84375:0.36875
\r t
\r t
\a mouseAddPt(t)
\i 0.28125:-0.36875
\r t
\a mouseAddPt(t)
\i 1.7125:-0.8875
\r t
\a hiDynamicPanGrabbing()
\i 1.01875:0.15625
\p > 
\a addPoint(hiGetCommandPoint())
\i -0.775:-0.00625
\r t
\r t
\a mouseAddPt(t)
\i 2.45625:-0.4
\r t
\a cancelEnterFun()
\r t
\r nil
\a schHiCreateWire(0.0)
\p > 
\a mouseAddPt(t)
\i 0.325:-0.3875
\r t
\a mouseAddPt(t)
\i 0.275:-0.375
\r t
\a mouseAddPt(t)
\i 2.46875:-0.375
\r t
\a cancelEnterFun()
\r t
\r nil
\a schHiCreateWire(0.0)
\p > 
\a mouseAddPt(t)
\i 2.45:-0.40625
\r t
\a mouseAddPt(t)
\i 2.63125:-0.38125
\r t
\a mouseAddPt(t)
\i 0.9375:0.11875
\r t
\a mouseAddPt(t)
\i 2.45:0.1375
\r t
\a mouseAddPt(t)
\i 2.425:0.925
\r t
\a schMouseApplyOrFinish()
\i 2.4375:0.9375
\r t
\a hiDynamicPanGrabbing()
\i 2.31875:-0.64375
\p > 
\a addPoint(hiGetCommandPoint())
\i 1.54375:-0.6625
\r t
\r t
\a mouseAddPt(t)
\i 2.61875:-0.35
\r t
\a cancelEnterFun()
\r t
\r nil
\a hiZoomOutAtMouse()
\i 1.3125:0.875
\r t
\a schDirectEdit(1)
\i -2.0625:1.1875
\i -2.0625:1.1875
\p > 
\a addPoint(hiGetCommandPoint())
\i 3.0625:-1.8125
\r t
\r nil
\a schSingleSelectPt()
\i 3.5:0.4375
\r t
\a schDirectEdit(1)
\i 2.875:1.5
\i 2.875:1.5
\p > 
\a addPoint(hiGetCommandPoint())
\i 18.5625:-1.5625
\r t
\r nil
\a schHiDelete()
\r t
\a schDirectEdit(1)
\i -2.4375:1.5625
\i -2.4375:1.5625
\p > 
\a addPoint(hiGetCommandPoint())
\i 6:-1.875
\r t
\r nil
\a schHiCopy()
\p > 
\a mouseAddPt(t)
\i 1.8125:0.01875
\r t
\a mouseAddPt(t)
\i 6.74375:-0.15625
\r t
\r t
\a schHiCopy()
\p > 
\a mouseAddPt(t)
\i 6.3375:-0.3875
\r t
\a mouseAddPt(t)
\i 11.05625:-0.475
\r t
\r t
\a schHiCopy()
\p > 
\a mouseAddPt(t)
\i 10.275:-0.5625
\r t
\a mouseAddPt(t)
\i 14.95:-0.4625
\r t
\r t
\a hiDynamicPanGrabbing()
\i 1.23125:-1.14375
\p > 
\a addPoint(hiGetCommandPoint())
\i 4.11875:-2.60625
\r t
\r t
\a hiZoomIn(window(2) list(-9.26875:-6.79375 15.85625:5.98125))
\r t
\a hiZoomInAtMouse()
\i 0.875:-0.9375
\r t
\a hiDynamicPanGrabbing()
\i 2.68125:-0.48125
\p > 
\a addPoint(hiGetCommandPoint())
\i 1.475:-0.36875
\r t
\r t
\a hiDynamicPanGrabbing()
\i 4.09375:0.31875
\p > 
\a addPoint(hiGetCommandPoint())
\i 3.3375:0.325
\r t
\r t
\a schDirectEdit(1)
\i 3.3125:0.9375
\i 3.3125:0.9375
\p > 
\a addPoint(hiGetCommandPoint())
\i 7.8125:-1.5
\r t
\r nil
\a schSingleSelectPt()
\i 4.4375:-0.375
\r t
\a schHiStretch()
\p > 
\a mouseAddPt(t)
\i 4.2375:-0.19375
\r t
\a cancelEnterFun()
\r t
\r nil
\a schDirectEdit(1)
\i 3.1875:0.875
\i 3.1875:0.875
\p > 
\a addPoint(hiGetCommandPoint())
\i 7.4375:-1.375
\r t
\r nil
\a schSingleSelectPt()
\i 7.0625:-2
\r nil
\a schDirectEdit(1)
\i 3.1875:1.125
\i 3.1875:1.125
\p > 
\a addPoint(hiGetCommandPoint())
\i 8.0625:-1.9375
\r t
\r nil
\a schHiStretch()
\p > 
\a mouseAddPt(t)
\i 4.5125:-0.33125
\r t
\a mouseAddPt(t)
\i 4.1125:-0.125
\r t
\r t
\a hiDynamicPanGrabbing()
\i 6.525:-1.55625
\p > 
\a addPoint(hiGetCommandPoint())
\i 4.28125:-1.48125
\r t
\r t
\a hiDynamicPanGrabbing()
\i 6.50625:-1.55
\p > 
\a addPoint(hiGetCommandPoint())
\i 5.39375:-1.6875
\r t
\r t
\a schDirectEdit(1)
\i 7.75:0.875
\i 7.75:0.875
\p > 
\a addPoint(hiGetCommandPoint())
\i 12.5:-1.625
\r t
\r nil
\a schHiStretch()
\p > 
\a schHiStretch()
\r t
\a mouseAddPt(t)
\i 9.0375:-0.4375
\r t
\a mouseAddPt(t)
\i 8.5375:-0.11875
\r t
\r t
\a hiDynamicPanGrabbing()
\i 10.63125:-0.45
\p > 
\a addPoint(hiGetCommandPoint())
\i 7.91875:-0.50625
\r t
\r t
\a schDirectEdit(1)
\i 12.75:0.8125
\i 12.75:0.8125
\p > 
\a addPoint(hiGetCommandPoint())
\i 16.375:-2.1875
\r t
\r nil
\a hiDynamicPanGrabbing()
\i 15.45625:-1.75
\p > 
\a addPoint(hiGetCommandPoint())
\i 11.74375:-1.9375
\r t
\r t
\a hiZoomIn(window(2) list(8.14375:-3.675 20.725:2.71875))
\r t
\a schDirectEdit(1)
\i 12.4375:0.8125
\i 12.4375:0.8125
\p > 
\a addPoint(hiGetCommandPoint())
\i 18.3125:-1.5625
\r t
\r nil
\a schHiStretch()
\p > 
\a mouseAddPt(t)
\i 13.4875:-0.3
\r t
\a mouseAddPt(t)
\i 12.7375:-0.10625
\r t
\r t
\a schHiCreateWire(0.0)
\p > 
\a mouseAddPt(t)
\i 11.8375:-0.3875
\r t
\a mouseAddPt(t)
\i 12.94375:-0.88125
\r t
\a hiDynamicPanGrabbing()
\i 10.76875:-1.03125
\p > 
\a addPoint(hiGetCommandPoint())
\i 15.69375:-1.35
\r t
\r t
\a mouseAddPt(t)
\i 7.225:-0.38125
\r t
\a mouseAddPt(t)
\i 8.51875:-0.89375
\r t
\a hiDynamicPanGrabbing()
\i 5.00625:-0.18125
\p > 
\a addPoint(hiGetCommandPoint())
\i 7.0125:-0.0125
\r t
\r t
\a hiDynamicPanGrabbing()
\i 4.58125:-0.7875
\p > 
\a addPoint(hiGetCommandPoint())
\i 5.9625:-0.5625
\r t
\r t
\a mouseAddPt(t)
\i 2.61875:-0.36875
\r t
\a mouseAddPt(t)
\i 3.875:-0.8875
\r t
\a hiDynamicPanGrabbing()
\i 2.4:-0.88125
\p > 
\a addPoint(hiGetCommandPoint())
\i 4.225:-0.6
\r t
\r t
\a hiDynamicPanGrabbing()
\i 5.15:-1.125
\p > 
\a addPoint(hiGetCommandPoint())
\i 2.7:-1.1
\r t
\r t
\a hiDynamicPanGrabbing()
\i 7.8125:-1.05625
\p > 
\a addPoint(hiGetCommandPoint())
\i 5.325:-0.7875
\r t
\r t
\a mouseAddPt(t)
\i 7.24375:-0.3875
\r t
\a mouseAddPt(t)
\i 7.1875:-0.38125
\r t
\a hiDynamicPanGrabbing()
\i 9.18125:-1.625
\p > 
\a addPoint(hiGetCommandPoint())
\i 7.4375:-1.7125
\r t
\r t
\a hiZoomOutAtMouse()
\i 8.5:-0.875
\r t
\a hiDynamicPanGrabbing()
\i 7.925:-0.13125
\p > 
\a addPoint(hiGetCommandPoint())
\i 15.4:-0.55625
\r t
\r t
\a hiZoomInAtMouse()
\i 4.625:0.125
\r t
\a hiDynamicPanGrabbing()
\i 3.94375:0.25
\p > 
\a addPoint(hiGetCommandPoint())
\i 5.525:0.36875
\r t
\r t
\a cancelEnterFun()
\r t
\r nil
\a hiDynamicPanGrabbing()
\i 1.69375:-1.13125
\p > 
\a addPoint(hiGetCommandPoint())
\i 4.625:-1.475
\r t
\r t
\a schHiCreateWire(0.0)
\p > 
\a mouseAddPt(t)
\i -0.64375:-0.9125
\r t
\a cancelEnterFun()
\r t
\r nil
\a schHiCreateWire(0.0)
\p > 
\a mouseAddPt(t)
\i -0.675:-0.875
\r t
\a mouseAddPt(t)
\i -2.91875:-1.025
\r t
\a mouseAddPt(t)
\i -3.1:-0.96875
\r t
\a mouseAddPt(t)
\i -3.3625:-0.9875
\r t
\a schMouseApplyOrFinish()
\i -3.375:-1
\r t
\a mouseAddPt(t)
\i -0.94375:-0.85625
\r t
\a mouseAddPt(t)
\i -0.95:-1.54375
\r t
\a mouseAddPt(t)
\i -0.94375:-1.5625
\r t
\a mouseAddPt(t)
\i -0.925:-1.55
\r t
\a mouseAddPt(t)
\i 1.425:-1.55625
\r t
\a mouseAddPt(t)
\i 1.4125:-0.8375
\r t
\a mouseAddPt(t)
\i 1.4375:-1.5625
\r t
\a mouseAddPt(t)
\i 3.5875:-1.54375
\r t
\a mouseAddPt(t)
\i 3.60625:-0.84375
\r t
\a mouseAddPt(t)
\i 3.60625:-0.85
\r t
\a mouseAddPt(t)
\i 3.63125:-1.56875
\r t
\a hiDynamicPanGrabbing()
\i 4.3625:-1.50625
\p > 
\a addPoint(hiGetCommandPoint())
\i 1.225:-1.43125
\r t
\r t
\a mouseAddPt(t)
\i 3.6:-1.58125
\r t
\a mouseAddPt(t)
\i 5.99375:-1.55
\r t
\a schMouseApplyOrFinish()
\i 6:-0.875
\r t
\a mouseAddPt(t)
\i 6.00625:-1.5625
\r t
\a mouseAddPt(t)
\i 8.2375:-1.5625
\r t
\a mouseAddPt(t)
\i 8.26875:-0.86875
\r t
\a mouseAddPt(t)
\i 8.26875:-0.8625
\r t
\a hiDynamicPanGrabbing()
\i 7.9375:-1.4875
\p > 
\a addPoint(hiGetCommandPoint())
\i 6.20625:-1.71875
\r t
\r t
\a schMouseApplyOrFinish()
\i 8.25:-1.5625
\r t
\a mouseAddPt(t)
\i 8.25625:-1.55
\r t
\a hiDynamicPanGrabbing()
\i 9.50625:-1.3875
\p > 
\a addPoint(hiGetCommandPoint())
\i 4.99375:-1.20625
\r t
\r t
\a mouseAddPt(t)
\i 10.6:-1.55625
\r t
\a schMouseApplyOrFinish()
\i 10.625:-0.875
\r t
\a mouseAddPt(t)
\i 10.6:-1.575
\r t
\a mouseAddPt(t)
\i 12.625:-1.55625
\r t
\a schMouseApplyOrFinish()
\i 12.6875:-0.875
\r t
\a mouseAddPt(t)
\i 12.69375:-1.54375
\r t
\a mouseAddPt(t)
\i 15.0125:-1.53125
\r t
\a schMouseApplyOrFinish()
\i 15.0625:-0.875
\r t
\a hiDynamicPanGrabbing()
\i 9.55:0.0375
\p > 
\a addPoint(hiGetCommandPoint())
\i 12.80625:-0.03125
\r t
\r t
\a hiDynamicPanGrabbing()
\i 4.3875:1.2875
\p > 
\a addPoint(hiGetCommandPoint())
\i 7.725:0.46875
\r t
\r t
\a hiDynamicPanGrabbing()
\i 2.91875:1.55
\p > 
\a addPoint(hiGetCommandPoint())
\i 5.60625:1.05625
\r t
\r t
\a hiZoomIn(window(2) list(-5.175:-1.8875 7.4125:4.5125))
\r t
\a mouseAddPt(t)
\i -0.95625:0.61875
\r t
\a mouseAddPt(t)
\i -0.9375:1.25625
\r t
\a mouseAddPt(t)
\i 1.45625:1.225
\r t
\a mouseAddPt(t)
\i 1.45:0.6
\r t
\a mouseAddPt(t)
\i 1.44375:1.2125
\r t
\a cancelEnterFun()
\r t
\r nil
\a schHiCreateWire(0.0)
\p > 
\a mouseAddPt(t)
\i 1.43125:1.2625
\r t
\a mouseAddPt(t)
\i 3.625:0.575
\r t
\a mouseAddPt(t)
\i 3.6375:1.2375
\r t
\a mouseAddPt(t)
\i 6.025:0.60625
\r t
\a hiDynamicPanGrabbing()
\i 6.23125:1.14375
\p > 
\a addPoint(hiGetCommandPoint())
\i 3.44375:1.3
\r t
\r t
\a mouseAddPt(t)
\i 6.01875:1.225
\r t
\a mouseAddPt(t)
\i 8.24375:0.60625
\r t
\a hiDynamicPanGrabbing()
\i 8.48125:1.2875
\p > 
\a addPoint(hiGetCommandPoint())
\i 2.13125:1.29375
\r t
\r t
\a mouseAddPt(t)
\i 8.23125:1.25
\r t
\a mouseAddPt(t)
\i 10.65:0.60625
\r t
\a mouseAddPt(t)
\i 10.6125:1.24375
\r t
\a mouseAddPt(t)
\i 12.69375:0.60625
\r t
\a mouseAddPt(t)
\i 12.65625:1.25
\r t
\a mouseAddPt(t)
\i 15.075:0.64375
\r t
\a hiDynamicPanGrabbing()
\i 10.68125:2.35
\p > 
\a addPoint(hiGetCommandPoint())
\i 14.525:2.3
\r t
\r t
\a cancelEnterFun()
\r t
\r nil
\a hiDynamicPanGrabbing()
\i 5.88125:2.1625
\p > 
\a addPoint(hiGetCommandPoint())
\i 8.74375:2.5625
\r t
\r t
\a hiZoomIn(window(2) list(-3.70625:-2.3375 8.88125:4.0625))
\r t
\a hiDynamicPanGrabbing()
\i -0.60625:2.0125
\p > 
\a addPoint(hiGetCommandPoint())
\i 2.775:2.3
\r t
\r t
\a hiDynamicPanGrabbing()
\i -0.8625:0.9875
\p > 
\a addPoint(hiGetCommandPoint())
\i -0.2:1.5375
\r t
\r t
\a hiZoomInAtMouse()
\i -1.0625:0.125
\r t
\a hiZoomOutAtMouse()
\i -1.0625:0.125
\r t
\a hiZoomInAtMouse()
\i -1.75:-0.125
\r t
\a hiZoomOutAtMouse()
\i -1.75:-0.125
\r t
\a hiDynamicPanGrabbing()
\i -1.95:0.05625
\p > 
\a addPoint(hiGetCommandPoint())
\i -2.36875:0.31875
\r t
\r t
\a hiZoomInAtMouse()
\i -1.9375:0.0625
\r t
\a hiZoomOutAtMouse()
\i -2:0.0625
\r t
\a hiZoomInAtMouse()
\i -1.5625:-0.375
\r t
\a hiDynamicPanGrabbing()
\i -1.59375:-0.325
\p > 
\a addPoint(hiGetCommandPoint())
\i -1.83125:-0.10625
\r t
\r t
\a schHiCreateWire(0.0)
\p > 
\a mouseAddPt(t)
\i -1.425:-0.375
\r t
\a mouseAddPt(t)
\i -1.4375:-1.35625
\r t
\a hiDynamicPanGrabbing()
\i -0.55625:-1.3375
\p > 
\a addPoint(hiGetCommandPoint())
\i -2.4:-1.1625
\r t
\r t
\a mouseAddPt(t)
\i 0.95625:-1.34375
\r t
\a mouseAddPt(t)
\i 0.9375:-0.36875
\r t
\a mouseAddPt(t)
\i 0.9375:-1.36875
\r t
\a mouseAddPt(t)
\i 3.1375:-1.36875
\r t
\a mouseAddPt(t)
\i 3.11875:-0.3875
\r t
\a hiDynamicPanGrabbing()
\i 3.2:-1.125
\p > 
\a addPoint(hiGetCommandPoint())
\i 1.11875:-0.91875
\r t
\r t
\a mouseAddPt(t)
\i 3.1125:-1.3875
\r t
\a mouseAddPt(t)
\i 5.50625:-1.325
\r t
\a hiUndo()
\r t
\a mouseAddPt(t)
\i 3.11875:-1.39375
\r t
\a hiDynamicPanGrabbing()
\i 5.10625:-1.3
\p > 
\a addPoint(hiGetCommandPoint())
\i 3.86875:-1.4
\r t
\r t
\a mouseAddPt(t)
\i 5.5125:-1.35
\r t
\a mouseAddPt(t)
\i 5.49375:-0.3875
\r t
\a hiDynamicPanGrabbing()
\i 5.85625:-0.81875
\p > 
\a addPoint(hiGetCommandPoint())
\i 3.85:-0.73125
\r t
\r t
\a mouseAddPt(t)
\i 5.49375:-1.38125
\r t
\a mouseAddPt(t)
\i 7.76875:-1.3625
\r t
\a mouseAddPt(t)
\i 7.75:-0.39375
\r t
\a hiDynamicPanGrabbing()
\i 7.725:-1.2125
\p > 
\a addPoint(hiGetCommandPoint())
\i 4.3:-0.94375
\r t
\r t
\a mouseAddPt(t)
\i 7.75625:-1.375
\r t
\a mouseAddPt(t)
\i 10.1375:-1.3625
\r t
\a mouseAddPt(t)
\i 10.1375:-0.38125
\r t
\a mouseAddPt(t)
\i 10.13125:-1.35
\r t
\a hiDynamicPanGrabbing()
\i 11.29375:-1.275
\p > 
\a addPoint(hiGetCommandPoint())
\i 9.39375:-1.125
\r t
\r t
\a mouseAddPt(t)
\i 12.2125:-1.36875
\r t
\a mouseAddPt(t)
\i 12.2:-0.36875
\r t
\a hiDynamicPanGrabbing()
\i 12.4875:-1.25
\p > 
\a addPoint(hiGetCommandPoint())
\i 11.31875:-1.3625
\r t
\r t
\a mouseAddPt(t)
\i 12.175:-1.38125
\r t
\a mouseAddPt(t)
\i 14.55:-1.36875
\r t
\a mouseAddPt(t)
\i 14.575:-0.35625
\r t
\a hiDynamicPanGrabbing()
\i 12.95625:-0.68125
\p > 
\a addPoint(hiGetCommandPoint())
\i 12.41875:-0.45625
\r t
\r t
\a hiZoomOutAtMouse()
\i 12.9375:-0.875
\r t
\a hiDynamicPanGrabbing()
\i 12.9375:-0.35625
\p > 
\a addPoint(hiGetCommandPoint())
\i 13.50625:-1.49375
\r t
\r t
\a cancelEnterFun()
\r t
\r nil
\a schSingleSelectPt()
\i 15.375:-2.0625
\r nil
\a hiDynamicPanGrabbing()
\i 12.975:-1.74375
\p > 
\a addPoint(hiGetCommandPoint())
\i 13.29375:-1.64375
\r t
\r t
\a hiDynamicPanGrabbing()
\i 12.1875:-0.5625
\p > 
\a addPoint(hiGetCommandPoint())
\i 14.50625:-0.91875
\r t
\r t
\a hiZoomIn(window(2) list(3.44375:-3.7125 16.05625:2.7))
\r t
\a hiDynamicPanGrabbing()
\i 8.8:-0.41875
\p > 
\a addPoint(hiGetCommandPoint())
\i 11.43125:-0.2875
\r t
\r t
\a hiZoomIn(window(2) list(-0.55625:-3.84375 12.05625:2.56875))
\r t
\a hiDynamicPanGrabbing()
\i 4.66875:-0.16875
\p > 
\a addPoint(hiGetCommandPoint())
\i 7.4625:-0.5625
\r t
\r t
\a hiZoomIn(window(2) list(-5.8625:-3.45 6.75:2.9625))
\r t
\a hiDynamicPanGrabbing()
\i -0.2:0.15
\p > 
\a addPoint(hiGetCommandPoint())
\i 1.5625:0.5
\r t
\r t
\a hiDynamicPanGrabbing()
\i -0.675:-0.5375
\p > 
\a addPoint(hiGetCommandPoint())
\i -0.39375:-0.075
\r t
\r t
\a hiZoomInAtMouse()
\i -1.1875:-0.6875
\r t
\a schHiCreateWire(0.0)
\p > 
\a mouseAddPt(t)
\i -1.4125:-1.39375
\r t
\a mouseAddPt(t)
\i -3.375:-1.36875
\r t
\a schMouseApplyOrFinish()
\i -3.375:-1.375
\r t
\a hiDynamicPanGrabbing()
\i -2.55625:-0.5
\p > 
\a addPoint(hiGetCommandPoint())
\i -2.68125:-0.93125
\r t
\r t
\a hiZoomOutAtMouse()
\i -2.5625:-0.375
\r t
\a hiDynamicPanGrabbing()
\i -0.78125:1.58125
\p > 
\a addPoint(hiGetCommandPoint())
\i -1.05:0.81875
\r t
\r t
\a hiZoomInAtMouse()
\i 0.625:1.25
\r t
\a hiZoomOutAtMouse()
\i 0.625:1.25
\r t
\a hiDynamicPanGrabbing()
\i 0.6625:0.51875
\p > 
\a addPoint(hiGetCommandPoint())
\i 0.98125:1.20625
\r t
\r t
\a schHiCreatePin()
\r t
\a hiiSetCurrentForm('schCreatePinForm)
\r t
\a schCreatePinForm->direction->value="inputOutput"
\r "inputOutput"
\a schCreatePinForm->terminalName->value="VDD GND"
\r "VDD GND"
\a hiiToggleEnterForm(schCreatePinForm)
\r t
\a mouseAddPt(t)
\i -0.925:1.225
\r t
\# Memory report: Maximum memory size now 18,077 MB at UTC 2022.05.04 11:50:45.220
\a mouseAddPt(t)
\i -0.9375:-1.5625
\r t
\a schHiCreatePin()
\r t
\a schCreatePinForm->direction->value="input"
\r "input"
\a schCreatePinForm->terminalName->value="IN nRST"
\r "IN nRST"
\a hiiToggleEnterForm(schCreatePinForm)
\r t
\a mouseAddPt(t)
\i -3.38125:-0.98125
\r t
\a mouseAddPt(t)
\i -3.4:-1.3625
\r t
\a hiDynamicPanGrabbing()
\i -1.39375:0.4
\p > 
\a addPoint(hiGetCommandPoint())
\i -3.6375:-0.14375
\r t
\r t
\a schHiCreatePin()
\r t
\a schCreatePinForm->interpret->value= t
\r t
\a schCreatePinForm->interpret->value= nil
\r nil
\a hiZoomOutAtMouse()
\i 3.3125:-0.0625
\r t
\a hiZoomOutAtMouse()
\i 3.75:-0.5625
\r t
\a hiDynamicPanGrabbing()
\i 10.625:-2.4375
\p > 
\a addPoint(hiGetCommandPoint())
\i 0.7125:-1.29375
\r t
\r t
\a hiZoomInAtMouse()
\i 10.6875:-1.75
\r t
\a hiZoomInAtMouse()
\i 10.6875:-1.6875
\r t
\a hiDynamicPanGrabbing()
\i 8.2125:-0.63125
\p > 
\a addPoint(hiGetCommandPoint())
\i 14.88125:-1.68125
\r t
\r t
\a hiZoomOutAtMouse()
\i 4.625:0.1875
\r t
\a hiDynamicPanGrabbing()
\i 1.40625:0.8375
\p > 
\a addPoint(hiGetCommandPoint())
\i 3.74375:0.19375
\r t
\r t
\a hiZoomInAtMouse()
\i 0.75:0.875
\r t
\a hiZoomInAtMouse()
\i 0.75:0.875
\r t
\a hiDynamicPanGrabbing()
\i 0.3125:0.95625
\p > 
\a addPoint(hiGetCommandPoint())
\i -0.34375:1.36875
\r t
\r t
\a hiZoomOutAtMouse()
\i 0.3125:0.9375
\r t
\a hiZoomInAtMouse()
\i 0.125:0.9375
\r t
\a hiZoomOutAtMouse()
\i 0.125:0.9375
\r t
\# Memory report: Maximum memory size now 18,671 MB at UTC 2022.05.04 11:51:25.221
\a schHiCreatePin()
\r t
\a schHiCreatePin()
\r t
\a schHiCreatePin()
\r t
\a cancelEnterFun()
\r t
\r nil
\a schHiCreatePin()
\p > 
\a schCreatePinForm->direction->value="output"
\r "output"
\a schCreatePinForm->terminalName->value="Q0 Q1 Q2 Q3 Q4 Q5 Q6 Q7"
\r "Q0 Q1 Q2 Q3 Q4 Q5 Q6 Q7"
\a hiiToggleEnterForm(schCreatePinForm)
\r t
\a mouseAddPt(t)
\i 0.075:0.93125
\r t
\a mouseAddPt(t)
\i 2.45625:0.93125
\r t
\a mouseAddPt(t)
\i 4.63125:0.95625
\r t
\a hiDynamicPanGrabbing()
\i 5.1625:0.95625
\p > 
\a addPoint(hiGetCommandPoint())
\i -0.3125:0.625
\r t
\r t
\a mouseAddPt(t)
\i 7.0125:0.95625
\r t
\a geSingleSelectBox()
\i 9.3125:0.9375
\p > 
\a addPoint(hiGetCommandPoint())
\i 9.25:0.9375
\r t
\r nil
\a mouseAddPt(t)
\i 9.2375:0.925
\r t
\a hiDynamicPanGrabbing()
\i 9.68125:0.925
\p > 
\a addPoint(hiGetCommandPoint())
\i 5.75:1
\r t
\r t
\a mouseAddPt(t)
\i 11.65:0.9375
\r t
\a mouseAddPt(t)
\i 13.70625:0.925
\r t
\a hiDynamicPanGrabbing()
\i 14.10625:0.76875
\p > 
\a addPoint(hiGetCommandPoint())
\i 13.11875:0.75
\r t
\r t
\a mouseAddPt(t)
\i 16.0625:0.9375
\r t
\a hiZoomOutAtMouse()
\i 13.4375:1.125
\r t
\a cancelEnterFun()
\r t
\r nil
\a hiDynamicPanGrabbing()
\i 3.8875:3.53125
\p > 
\a addPoint(hiGetCommandPoint())
\i 12.14375:1.625
\r t
\r t
\a schHiCheckAndSave()
\o INFO (SCH-1170): Extracting "binary_counter schematic"
\o INFO (SCH-1426): Schematic check completed with no errors.
\o INFO (SCH-1181): "Project_Lib1 binary_counter schematic" saved.
\r t
\a hiZoomInAtMouse()
\i -0.875:-1.875
\r t
\a hiDynamicPanGrabbing()
\i 0.85625:-2.1125
\p > 
\a addPoint(hiGetCommandPoint())
\i -1.3:-1.925
\r t
\r t
\a hiZoomOutAtMouse()
\i 3.25:-1.625
\r t
\a hiDynamicPanGrabbing()
\i 3.16875:-1.45625
\p > 
\a addPoint(hiGetCommandPoint())
\i 0.2625:-0.83125
\r t
\r t
\a hiZoomInAtMouse()
\i 9.125:-0.875
\r t
\a hiZoomInAtMouse()
\i 9.0625:-0.8125
\r t
\a hiZoomOutAtMouse()
\i 9:-0.8125
\r t
\a hiZoomOutAtMouse()
\i 8.9375:-0.8125
\r t
\a _schHiSaveAs()
\p > 
\a hiiSetCurrentForm('_schHiSaveAsForm)
\r t
\a hiFormDone(_schHiSaveAsForm)
\r t
\r t
\o  
\o Library Manager new cellview request for cell "Project_Lib1 binary_counter".
\i deNew('(nil libName "Project_Lib1" cellName "binary_counter"))
\p > 
\a hiiSetCurrentForm('deNewForm)
\r t
\a deNewForm->deViewName->value="symbol"
\r "symbol"
\a hiFormDone(deNewForm)
\r t
\a _treeNavActivateOpc(dwindow('treeAssistant2) "")
\r t
\a when(dwindow('oiAssistant2) hiMapWindow(dwindow('oiAssistant2)))
\r t
\a when(dwindow('treeAssistant2) hiMapWindow(dwindow('treeAssistant2)))
\r t
\a hiResizeWindow(swindow(2) list(357:119 1257:809))
\r t
\a hiZoomInAtMouse()
\i -1:1.1875
\r t
\a hiZoomInAtMouse()
\i -1:1.1875
\r t
\a hiZoomOutAtMouse()
\i -1:1.1875
\r t
\a hiZoomOutAtMouse()
\i -1:1.1875
\r t
\a hiDynamicPanGrabbing()
\i -1.1:1.28125
\p > 
\a addPoint(hiGetCommandPoint())
\i -0.3625:0.78125
\r t
\r t
\a hiResizeWindow(swindow(2) list(-1:-1 1919:1015))
\r t
\a hiDynamicPanGrabbing()
\i -1.6875:2.48125
\p > 
\a addPoint(hiGetCommandPoint())
\i 0.1375:2.4625
\r t
\r t
\a hiDynamicPanGrabbing()
\i -2.31875:2.5875
\p > 
\a addPoint(hiGetCommandPoint())
\i -0.90625:2.3375
\r t
\r t
\a hiZoomInAtMouse()
\i -2.75:1.875
\r t
\a hiZoomOutAtMouse()
\i -2.75:1.875
\r t
\a hiZoomInAtMouse()
\i -2.3125:2
\r t
\a schHiCreateSymbolPin()
\p > 
\a hiiSetCurrentForm('schCreateSymbolPinForm)
\r t
\a schCreateSymbolPinForm->direction->value="output"
\r "output"
\a schCreateSymbolPinForm->terminalName->value="Q0 Q1 Q2 Q3 Q4 Q5 Q6 Q7"
\r "Q0 Q1 Q2 Q3 Q4 Q5 Q6 Q7"
\a hiiToggleEnterForm(schCreateSymbolPinForm)
\r t
\a schSetEnv("rotate" t)
\r t
\a schSetEnv("rotate" t)
\r t
\a mouseAddPt(t)
\i -1.99375:0.98125
\r t
\a mouseAddPt(t)
\i -1.98125:0.8625
\r t
\a mouseAddPt(t)
\i -1.9875:0.74375
\r t
\a mouseAddPt(t)
\i -1.98125:0.6
\r t
\a mouseAddPt(t)
\i -2:0.50625
\r t
\a mouseAddPt(t)
\i -2.0125:0.38125
\r t
\a mouseAddPt(t)
\i -2.00625:0.25
\r t
\a mouseAddPt(t)
\i -1.99375:0.1125
\r t
\a hiDynamicPanGrabbing()
\i -1.775:1.425
\p > 
\a addPoint(hiGetCommandPoint())
\i -1.0625:1.35625
\r t
\r t
\a hiZoomInAtMouse()
\i -2.25:1.4375
\r t
\a hiZoomOutAtMouse()
\i -2.25:1.4375
\r t
\a hiDynamicPanGrabbing()
\i -2.2875:1.41875
\p > 
\a addPoint(hiGetCommandPoint())
\i -1.83125:1.275
\r t
\r t
\a schHiCreateSymbolPin()
\r t
\a schCreateSymbolPinForm->direction->value="inputOutput"
\r "inputOutput"
\a schCreateSymbolPinForm->terminalName->value="VDD GND"
\r "VDD GND"
\a hiiToggleEnterForm(schCreateSymbolPinForm)
\r t
\a schSetEnv("rotate" t)
\r t
\a schSetEnv("rotate" t)
\r t
\a schSetEnv("rotate" t)
\r t
\a mouseAddPt(t)
\i -2.5125:1.01875
\r t
\a schSetEnv("rotate" t)
\r t
\a schSetEnv("rotate" t)
\r t
\a mouseAddPt(t)
\i -2.5125:-0.0125
\r t
\a schHiCreateSymbolPin()
\r t
\a schCreateSymbolPinForm->direction->value="input"
\r "input"
\a schCreateSymbolPinForm->terminalName->value="IN nRST"
\r "IN nRST"
\a hiiToggleEnterForm(schCreateSymbolPinForm)
\r t
\a schSetEnv("rotate" t)
\r t
\a schSetEnv("rotate" t)
\r t
\a mouseAddPt(t)
\i -3:0.74375
\r t
\a mouseAddPt(t)
\i -3.01875:0.25
\r t
\a cancelEnterFun()
\r t
\r nil
\a schHiCreateSymbolShape("line" "outline")
\p > 
\a mouseAddPt(t)
\i -3:0.74375
\r t
\a mouseAddPt(t)
\i -3.0125:1.00625
\r t
\a mouseAddPt(t)
\i -2.50625:0.99375
\r t
\a mouseAddPt(t)
\i -1.99375:1
\r t
\a mouseAddPt(t)
\i -2:0.125
\r t
\a mouseAddPt(t)
\i -1.9875:-0.01875
\r t
\a mouseAddPt(t)
\i -2.49375:-0.01875
\r t
\a mouseAddPt(t)
\i -3:-0.01875
\r t
\a mouseAddPt(t)
\i -2.99375:0.25
\r t
\a mouseAddPt(t)
\i -2.98125:0.74375
\r t
\a hiZoomInAtMouse()
\i -1.6875:0.8125
\r t
\a hiZoomInAtMouse()
\i -1.6875:0.8125
\r t
\a hiZoomInAtMouse()
\i -1.6875:0.8125
\r t
\a hiZoomInAtMouse()
\i -1.6875:0.8125
\r t
\a hiZoomOutAtMouse()
\i -1.75:0.875
\r t
\a hiZoomOutAtMouse()
\i -1.875:0.875
\r t
\a hiZoomOutAtMouse()
\i -1.875:0.875
\r t
\a hiDynamicPanGrabbing()
\i -1.86875:0.875
\p > 
\a addPoint(hiGetCommandPoint())
\i -1.29375:0.80625
\r t
\r t
\a geSingleSelectBox()
\i -2.0625:1.125
\p > 
\a addPoint(hiGetCommandPoint())
\i -1.0625:-0.25
\r t
\r t
\a schSetEnv("rotate" t)
\r t
\a schSetEnv("rotate" t)
\r t
\a schSetEnv("rotate" t)
\r t
\a schSetEnv("rotate" t)
\r t
\a schSetEnv("rotate" t)
\r t
\a schSetEnv("rotate" t)
\r t
\a schSetEnv("rotate" t)
\r t
\a cancelEnterFun()
\r t
\r nil
\a mouseSingleSelectPt()
\i -0.9375:0.375
\r nil
\a hiZoomOutAtMouse()
\i -1.75:0.8125
\r t
\a hiDynamicPanGrabbing()
\i -1.75625:0.875
\p > 
\a addPoint(hiGetCommandPoint())
\i -1.375:0.8875
\r t
\r t
\a mouseSingleSelectPt()
\i -1.9375:1
\r t
\a hiZoomInAtMouse()
\i -1.875:0.9375
\r t
\a hiZoomInAtMouse()
\i -1.875:0.9375
\r t
\a mouseSingleSelectPt()
\i -1.9375:1
\r t
\a mouseSingleSelectPt()
\i -1.875:1
\r t
\a schHiRotate(t)
\p > 
\a schSetEnv("rotate" t)
\r t
\a mouseAddPt(t)
\i -1.875:1
\r t
\r t
\a mouseSingleSelectPt()
\i -1.875:1
\r t
\a hiUndo()
\r t
\a hiUndo()
\r t
\a hiUndo()
\r t
\a hiUndo()
\r t
\a hiUndo()
\r t
\a hiUndo()
\r t
\a hiZoomOutAtMouse()
\i -1.9375:1
\r t
\a hiZoomOutAtMouse()
\i -2:0.9375
\r t
\a hiZoomOutAtMouse()
\i -1.9375:1
\r t
\a hiZoomOutAtMouse()
\i -1.9375:0.9375
\r t
\a hiUndo()
\r t
\a hiUndo()
\r t
\a hiUndo()
\r t
\a hiUndo()
\r t
\a hiUndo()
\r t
\a hiUndo()
\r t
\a hiUndo()
\r t
\a hiUndo()
\r t
\a hiZoomInAtMouse()
\i -2.1875:0.9375
\r t
\a hiZoomInAtMouse()
\i -2.1875:0.9375
\r t
\a schHiCreateSymbolPin()
\p > 
\a schCreateSymbolPinForm->direction->value="output"
\r "output"
\a schCreateSymbolPinForm->terminalName->value="Q0 Q1 Q2 Q3 Q4 Q5 Q6 Q7"
\r "Q0 Q1 Q2 Q3 Q4 Q5 Q6 Q7"
\a hiiToggleEnterForm(schCreateSymbolPinForm)
\r t
\a schSetEnv("rotate" t)
\r t
\a schSetEnv("rotate" t)
\r t
\a schSetEnv("rotate" t)
\r t
\a mouseAddPt(t)
\i -2.0125:0.8625
\r t
\a mouseAddPt(t)
\i -2:0.74375
\r t
\a mouseAddPt(t)
\i -1.99375:0.6125
\r t
\a mouseAddPt(t)
\i -1.99375:0.46875
\r t
\a mouseAddPt(t)
\i -1.99375:0.34375
\r t
\a mouseAddPt(t)
\i -1.99375:0.23125
\r t
\a mouseAddPt(t)
\i -2:0.10625
\r t
\a mouseAddPt(t)
\i -2.0125:0
\r t
\a cancelEnterFun()
\r t
\r nil
\a schDirectEdit(1)
\i -2.625:1
\i -2.625:1
\p > 
\a addPoint(hiGetCommandPoint())
\i -1.6875:-0.25
\r t
\r nil
\a schDirectEdit(1)
\i -2.125:0.875
\i -2.125:0.875
\p > 
\a addPoint(hiGetCommandPoint())
\i -2.125:0.9375
\r t
\r nil
\a mouseSingleSelectPt()
\i -1.5625:0.4375
\r nil
\a hiDynamicPanGrabbing()
\i -2.60625:1.075
\p > 
\a addPoint(hiGetCommandPoint())
\i -2.14375:0.76875
\r t
\r t
\a hiZoomInAtMouse()
\i -2.625:1.0625
\r t
\a hiZoomOutAtMouse()
\i -2.5625:1.0625
\r t
\a hiDynamicPanGrabbing()
\i -2.56875:1.075
\p > 
\a addPoint(hiGetCommandPoint())
\i -2.1125:0.9875
\r t
\r t
\a schHiCreateSymbolPin()
\p > 
\a schCreateSymbolPinForm->direction->value="inputOutput"
\r "inputOutput"
\a schCreateSymbolPinForm->terminalName->value="VDD GND"
\r "VDD GND"
\a hiiToggleEnterForm(schCreateSymbolPinForm)
\r t
\a schSetEnv("rotate" t)
\r t
\a mouseAddPt(t)
\i -2.99375:0.99375
\r t
\a schSetEnv("rotate" t)
\r t
\a schSetEnv("rotate" t)
\r t
\a mouseAddPt(t)
\i -3.01875:0.01875
\r t
\a schHiCreateSymbolPin()
\r t
\a schCreateSymbolPinForm->direction->value="input"
\r "input"
\a schCreateSymbolPinForm->terminalName->value="IN nRST"
\r "IN nRST"
\a hiiToggleEnterForm(schCreateSymbolPinForm)
\r t
\a mouseAddPt(t)
\i -3.96875:0.73125
\r t
\a mouseAddPt(t)
\i -3.9875:0.2375
\r t
\a cancelEnterFun()
\r t
\r nil
\a schDirectEdit(1)
\i -2.5625:1.0625
\i -2.5625:1.0625
\p > 
\a addPoint(hiGetCommandPoint())
\i -0.625:-0.625
\r t
\r nil
\a schDirectEdit(1)
\i -2.125:0.0625
\i -2.125:0.0625
\p > 
\a addPoint(hiGetCommandPoint())
\i -1.875:0.0625
\r t
\r nil
\a schDirectEdit(1)
\i -3.25:1.125
\i -3.25:1.125
\p > 
\a addPoint(hiGetCommandPoint())
\i -2.75:0.4375
\r t
\r nil
\a schDirectEdit(1)
\i -3:0.625
\i -3:0.625
\p > 
\a addPoint(hiGetCommandPoint())
\i -3:0.875
\r t
\r nil
\a mouseSingleSelectPt()
\i -2.6875:0.5625
\r nil
\a schHiSymStretch()
\p > 
\a mouseAddPt(t)
\i -3.00625:0.33125
\r t
\a cancelEnterFun()
\r t
\r nil
\a schDirectEdit(1)
\i -3.125:0.5625
\i -3.125:0.5625
\p > 
\a addPoint(hiGetCommandPoint())
\i -2.4375:-0.375
\r t
\r nil
\a schDirectEdit(1)
\i -3:0.375
\i -3:0.375
\p > 
\a addPoint(hiGetCommandPoint())
\i -3:-0.1875
\r t
\r nil
\a schDirectEdit(1)
\i -3:-0.125
\i -3:-0.125
\p > 
\a addPoint(hiGetCommandPoint())
\i -3:0.1875
\r t
\r nil
\a mouseSingleSelectPt()
\i -2.6875:-0.1875
\r nil
\a schDirectEdit(1)
\i -4.25:1.125
\i -4.25:1.125
\p > 
\a addPoint(hiGetCommandPoint())
\i -3.3125:0
\r t
\r nil
\a schHiSymStretch()
\p > 
\a mouseAddPt(t)
\i -3.64375:0.25
\r t
\a mouseAddPt(t)
\i -3.9125:0.25
\r t
\r t
\a mouseSingleSelectPt()
\i -3.1875:-0.375
\r nil
\a schDirectEdit(1)
\i -4.6875:1
\i -4.6875:1
\p > 
\a addPoint(hiGetCommandPoint())
\i -3.375:-0.3125
\r t
\r nil
\a schDirectEdit(1)
\i -3.9375:0.25
\i -3.9375:0.25
\p > 
\a addPoint(hiGetCommandPoint())
\i -3.875:0.25
\r t
\r nil
\a mouseSingleSelectPt()
\i -3.8125:-0.125
\r nil
\a schHiCreateSymbolShape("line" "outline")
\p > 
\a mouseAddPt(t)
\i -3.98125:0.25
\r t
\a mouseAddPt(t)
\i -4:0.73125
\r t
\a mouseAddPt(t)
\i -3.99375:0.9875
\r t
\a mouseAddPt(t)
\i -2.98125:0.99375
\r t
\a mouseAddPt(t)
\i -1.99375:0.9875
\r t
\a mouseAddPt(t)
\i -1.9875:-0.0125
\r t
\a mouseAddPt(t)
\i -3:-0.01875
\r t
\a mouseAddPt(t)
\i -4:-0.0125
\r t
\a mouseAddPt(t)
\i -3.9875:0.21875
\r t
\a schHiVICAndSave()
\o INFO (SCH-1171): Cross View Check completed with no errors.
\o INFO (SCH-1181): "Project_Lib1 binary_counter symbol" saved.
\r t
\a schHiCreateSymbolLabel()
\r t
\a hiiSetCurrentForm('schCreateSymbolLabelForm)
\r t
\a hiiToggleEnterForm(schCreateSymbolLabelForm)
\r t
\a mouseAddPt(t)
\i -1.94375:1.31875
\r t
\a schHiCreateSymbolLabel()
\r t
\a schCreateSymbolLabelForm->label->value="[@partName]"
\r "[@partName]"
\a hiiToggleEnterForm(schCreateSymbolLabelForm)
\r t
\a mouseAddPt(t)
\i -2.0125:1.1375
\r t
\a cancelEnterFun()
\r t
\r nil
\a schHiCreateInstBox()
\p > 
\a hiiSetCurrentForm('schCreateInstBoxForm)
\r t
\a schiAutomaticCB
\r t
\r nil
\a schHiVICAndSave()
\o INFO (SCH-1171): Cross View Check completed with no errors.
\o INFO (SCH-1181): "Project_Lib1 binary_counter symbol" saved.
\r t
\a hiCloseWindow(swindow(2))
\o Loading cph.cxt 
\r t
\a _hiSetCurrentWinNum(2)
\r t
\a hiCloseWindow(swindow(1))
\r t
\a hiQuit()
\p > 
\a hiDBoxOK(hiQuitDBox)
\r t
\o 
\# Memory report: on exit            275 MB, process size 1,152 MB at UTC 2022.05.04 11:58:01.978
\# Memory report: peak usage         275 MB, process size 1,152 MB
