\o Program:		@(#)$CDS: cdsLibEditor version 6.1.7 - CAT35 11/09/2015 17:31 (sjfnl634) $
\o Sub version:		sub-version  s001 
\o Arguments:		-cdslib /uwa_network_storage/shared/studentdata/ELEC/ELEC5503/Group-01/SmallPixel/myvirtuoso/cds.lib -mpssession virtuoso5398 -mpshost dep54756nix 
\o Working Directory:	dep54756nix:/uwa_network_storage/shared/studentdata/ELEC/ELEC5503/Group-01/SmallPixel/myvirtuoso
\o 64-bit offsets
\a nrSetWindowVisibility(cdsLibEditor "show")
\o Qt version: 		4.8.5
\a nrSetCurrentWindow(cdsLibEditor)
\a nrListItemAction(cdsLibEditor->mainTable 0 0)
\o Active cell: 0 0 "cdsDefTechLib"
\a nrResizeWindow(cdsLibEditor list(93 123 500 400))
\a nrListItemAction(cdsLibEditor->mainTable 6 0)
\o Active cell: 6 0 ""
\o ERROR (CLE-201): Library "myLib " is invalid within the current namespace "CDBA". \n\nRe-enter the library following the rules for the namespace. 
\a nrSetWindowVisibility(errorDialog "show")
\a nrSetCurrentWindow(errorDialog)
\a nrResizeWindow(errorDialog list(142 263 402 134))
\a errorDialog->errorOkButton->value = t
\a nrListItemAction(cdsLibEditor->mainTable 6 1)
\o Active cell: 6 1 ""
\a nrListItemAction(cdsLibEditor->mainTable 6 0)
\o Active cell: 6 0 ""
\a nrSetCurrentWindow(cdsLibEditor)
\a nrListItemAction(cdsLibEditor->mainTable 6 1)
\o Active cell: 6 1 ""
\a nrListItemAction(cdsLibEditor->mainTable 5 1)
\o Active cell: 5 1 "/uwa_network_storage/shared/studentdata/ELEC/ELEC5503/Group-01/SmallPixel/myvirtuoso/Project_Lib1"
\a nrListItemAction(cdsLibEditor->mainTable 6 1)
\o Active cell: 6 1 ""
\a nrListItemAction(cdsLibEditor->mainTable 5 1)
\o Active cell: 5 1 "/uwa_network_storage/shared/studentdata/ELEC/ELEC5503/Group-01/SmallPixel/myvirtuoso/Project_Lib1"
\a nrListItemAction(cdsLibEditor->mainTable 6 1)
\o Active cell: 6 1 ""
\o QUESTION (CLE-200): The directory "/uwa_network_storage/shared/studentdata/ELEC/ELEC5503/Group-01/SmallPixel/myvirtuoso/myLib" \ndoesn't exist. If other tools use this file, \nan error will occur unless you either create \nthe directory you have specified or change the \npath to an existing directory. \n\nDo you want to create a new library? 
\a nrSetWindowVisibility(needCreateDialog "show")
\a nrSetCurrentWindow(needCreateDialog)
\a nrResizeWindow(needCreateDialog list(19 230 649 200))
\a nrSetCurrentWindow(needCreateDialog)
\a needCreateDialog->cancelButton->value = t
\a nrListItemAction(cdsLibEditor->mainTable 7 0)
\o Active cell: 7 0 ""
\a nrSetCurrentWindow(cdsLibEditor)
\a nrListItemAction(cdsLibEditor->mainTable 6 1)
\o Active cell: 6 1 "/uwa_network_storage/shared/studentdata/ELEC/ELEC5503/Group-01/SmallPixel/myvirtuoso/myLib"
\a nrListItemAction(cdsLibEditor->mainTable 7 0)
\o Active cell: 7 0 ""
\a nrListItemAction(cdsLibEditor->mainTable 6 1)
\o Active cell: 6 1 "/uwa_network_storage/shared/studentdata/ELEC/ELEC5503/Group-01/SmallPixel/myvirtuoso/myLib"
\a nrListItemAction(cdsLibEditor->mainTable 6 0)
\o Active cell: 6 0 "myLib"
\a nrListItemAction(cdsLibEditor->mainTable 6 1)
\o Active cell: 6 1 "/uwa_network_storage/shared/studentdata/ELEC/ELEC5503/Group-01/SmallPixel/myvirtuoso/myLib"
\a nrListItemAction(cdsLibEditor->mainTable 7 0)
\o Active cell: 7 0 ""
\a cdsLibEditor->fileExitButton->value = t
\o QUESTION (CLE-205): You have made changes which have not been saved. \n\nWould you like to save your changes? 
\a nrSetWindowVisibility(needSaveDialog "show")
\a nrResizeWindow(needSaveDialog list(159 262 369 136))
\a nrSetCurrentWindow(needSaveDialog)
\a needSaveDialog->yesButton->value = t
\a nrSetWindowVisibility(cdsLibEditor "hide")
\a exit(0)
