================================================================================
Rule No. 95 : 4A.19D.a1_4A.19D.c1_4A.19D.c2.1: Minimum poly1 spacing is 0.2um.

Real Error Count : 3; Flat Error Count : 3
================================================================================

--------------------------------------------------------------------------------
Cell Name : dflipflop layout Project_Lib1

                   Cell Errors    Real Errors   Cell Placements     Environments
                             3              3                 1                1
--------------------------------------------------------------------------------
Env.  Env. Placements            X1           Y1          X2           Y2

  1        1                  0.825        1.170       2.291        1.640

Shape               Environments Status & Error Marker 

          1           X1         Y1         X2         Y2

   1      X        0.825      1.515      1.025      1.520
   2      X        1.430      1.170      2.291      1.330
   3      X        1.670      1.450      1.737      1.640

================================================================================
Rule No. 101 : 4A.19F: Minimum separation from an DIFF region to poly1 on field oxide is 0.10um

Real Error Count : 12; Flat Error Count : 12
================================================================================

--------------------------------------------------------------------------------
Cell Name : dflipflop layout Project_Lib1

                   Cell Errors    Real Errors   Cell Placements     Environments
                            12             12                 1                1
--------------------------------------------------------------------------------
Env.  Env. Placements            X1           Y1          X2           Y2

  1        1                  1.010       -1.110       4.529        5.100

Shape               Environments Status & Error Marker 

          1           X1         Y1         X2         Y2

   1      X        1.010     -1.090      1.090     -0.790
   2      X        1.010      0.090      1.090      0.390
   3      X        1.030      0.455      1.090      0.725
   4      X        3.017      2.755      3.258      2.840
   5      X        3.335      2.580      3.395      2.920
   6      X        3.335      4.760      3.395      5.100
   7      X        4.090     -1.110      4.150     -0.770
   8      X        4.090      0.070      4.180      0.689
   9      X        4.193      0.150      4.427      0.200
  10      X        4.205      1.789      4.300      2.920
  11      X        4.205      4.760      4.265      5.100
  12      X        4.296      2.825      4.529      2.840

================================================================================
Rule No. 102 : 4A.19G: Minimum poly1 endcap to RELATED DIFF spacing is 0.10um

Real Error Count : 5; Flat Error Count : 5
================================================================================

--------------------------------------------------------------------------------
Cell Name : dflipflop layout Project_Lib1

                   Cell Errors    Real Errors   Cell Placements     Environments
                             5              5                 1                1
--------------------------------------------------------------------------------
Env.  Env. Placements            X1           Y1          X2           Y2

  1        1                  1.010       -1.030       4.265        5.020

Shape               Environments Status & Error Marker 

          1           X1         Y1         X2         Y2

   1      X        1.010     -1.030      1.090     -0.850
   2      X        1.010      0.150      1.090      0.330
   3      X        3.335      4.840      3.395      5.020
   4      X        4.090     -1.030      4.150     -0.850
   5      X        4.205      4.840      4.265      5.020

================================================================================
Rule No. 182 : 4A.24A: Exact CONT size is 0.16um

Real Error Count : 16; Flat Error Count : 16
================================================================================

--------------------------------------------------------------------------------
Cell Name : dflipflop layout Project_Lib1

                   Cell Errors    Real Errors   Cell Placements     Environments
                            16             16                 1                1
--------------------------------------------------------------------------------
Env.  Env. Placements            X1           Y1          X2           Y2

  1        1                  1.130       -0.795       4.145        4.640

Shape               Environments Status & Error Marker 

          1           X1         Y1         X2         Y2

   1      X        1.130     -0.795      1.310     -0.630
   2      X        1.130     -0.435      1.310     -0.270
   3      X        1.130     -0.075      1.310      0.090
   4      X        3.455      3.020      3.615      3.200
   5      X        3.455      3.380      3.615      3.560
   6      X        3.455      3.740      3.615      3.920
   7      X        3.455      4.100      3.615      4.280
   8      X        3.455      4.460      3.615      4.640
   9      X        3.870     -0.795      4.030     -0.630
  10      X        3.870     -0.435      4.030     -0.270
  11      X        3.870     -0.075      4.030      0.090
  12      X        3.985      3.020      4.145      3.200
  13      X        3.985      3.380      4.145      3.560
  14      X        3.985      3.740      4.145      3.920
  15      X        3.985      4.100      4.145      4.280
  16      X        3.985      4.460      4.145      4.640

================================================================================
Rule No. 183 : 4A.24B: Minimum space between two CONT regions is 0.20um

Real Error Count : 16; Flat Error Count : 16
================================================================================

--------------------------------------------------------------------------------
Cell Name : dflipflop layout Project_Lib1

                   Cell Errors    Real Errors   Cell Placements     Environments
                            16             16                 1                1
--------------------------------------------------------------------------------
Env.  Env. Placements            X1           Y1          X2           Y2

  1        1                  1.130       -0.630       4.145        4.820

Shape               Environments Status & Error Marker 

          1           X1         Y1         X2         Y2

   1      X        1.130     -0.630      1.310     -0.435
   2      X        1.130     -0.270      1.310     -0.075
   3      X        1.130      0.090      1.310      0.285
   4      X        3.455      3.200      3.615      3.380
   5      X        3.455      3.560      3.615      3.740
   6      X        3.455      3.920      3.615      4.100
   7      X        3.455      4.280      3.615      4.460
   8      X        3.455      4.640      3.615      4.820
   9      X        3.870     -0.630      4.030     -0.435
  10      X        3.870     -0.270      4.030     -0.075
  11      X        3.870      0.090      4.030      0.285
  12      X        3.985      3.200      4.145      3.380
  13      X        3.985      3.560      4.145      3.740
  14      X        3.985      3.920      4.145      4.100
  15      X        3.985      4.280      4.145      4.460
  16      X        3.985      4.640      4.145      4.820

