Begin Incremental Netlisting Apr 26 13:31:05 2022
End netlisting Apr 26 13:31:05 2022
Begin Incremental Netlisting Apr 26 13:33:07 2022
End netlisting Apr 26 13:33:07 2022
Begin Incremental Netlisting Apr 26 13:34:12 2022
ERROR (OSSHNL-109): The cellview 'Project_Lib1/dflipflop/schematic' has been
modified since the last extraction. Validate
that the schematic is correct and
run Check and Save to correct this error.

End netlisting Apr 26 13:34:12 2022
Begin Incremental Netlisting Apr 26 13:34:38 2022
End netlisting Apr 26 13:34:39 2022
Begin Incremental Netlisting Apr 26 13:37:06 2022
ERROR (OSSHNL-109): The cellview 'Project_Lib1_sim/dflipflop_sim/schematic' has
been modified since the last extraction. Validate
that the schematic is correct
and run Check and Save to correct this error.

End netlisting Apr 26 13:37:06 2022
Begin Incremental Netlisting Apr 26 13:37:09 2022
ERROR (OSSHNL-109): The cellview 'Project_Lib1_sim/dflipflop_sim/schematic' has
been modified since the last extraction. Validate
that the schematic is correct
and run Check and Save to correct this error.

End netlisting Apr 26 13:37:09 2022
Begin Incremental Netlisting Apr 26 13:37:17 2022
ERROR (OSSHNL-109): The cellview 'Project_Lib1_sim/dflipflop_sim/schematic' has
been modified since the last extraction. Validate
that the schematic is correct
and run Check and Save to correct this error.

End netlisting Apr 26 13:37:17 2022
Begin Incremental Netlisting Apr 26 13:37:28 2022
End netlisting Apr 26 13:37:29 2022
