================================================================================
Rule No. 5 : PSUB_StampErrorFloat

Real Error Count : 1; Flat Error Count : 1
================================================================================

--------------------------------------------------------------------------------
Cell Name : delay_chain layout Project_Lib1

                   Cell Errors    Real Errors   Cell Placements     Environments
                             1              1                 1                1
--------------------------------------------------------------------------------
Env.  Env. Placements            X1           Y1          X2           Y2

  1        1                  1.935        2.660       1.940        3.480

Shape               Environments Status & Error Marker 

          1           X1         Y1         X2         Y2

   1      X        1.935      2.660      1.940      3.480

================================================================================
Rule No. 14 : PSUB_P_StampErrorFloat

Real Error Count : 1; Flat Error Count : 1
================================================================================

--------------------------------------------------------------------------------
Cell Name : delay_chain layout Project_Lib1

                   Cell Errors    Real Errors   Cell Placements     Environments
                             1              1                 1                1
--------------------------------------------------------------------------------
Env.  Env. Placements            X1           Y1          X2           Y2

  1        1                  1.935        2.660       1.940        3.480

Shape               Environments Status & Error Marker 

          1           X1         Y1         X2         Y2

   1      X        1.935      2.660      1.940      3.480

