Begin Incremental Netlisting May  9 15:10:07 2022
End netlisting May  9 15:10:07 2022
Begin Incremental Netlisting May  9 15:11:26 2022
ERROR (OSSHNL-109): The cellview 'Project_Lib1_sim/binary_counter_sim/schematic'
has been modified since the last extraction. Validate
that the schematic is
correct and run Check and Save to correct this error.

End netlisting May  9 15:11:26 2022
Begin Incremental Netlisting May  9 15:11:49 2022
End netlisting May  9 15:11:50 2022
Begin Incremental Netlisting May  9 15:29:49 2022
ERROR (OSSHNL-109): The cellview 'Project_Lib1_sim/binary_counter_sim/schematic'
has been modified since the last extraction. Validate
that the schematic is
correct and run Check and Save to correct this error.

End netlisting May  9 15:29:49 2022
Begin Incremental Netlisting May  9 15:30:10 2022
ERROR (OSSHNL-109): The cellview 'Project_Lib1_sim/binary_counter_sim/schematic'
has been modified since the last extraction. Validate
that the schematic is
correct and run Check and Save to correct this error.

End netlisting May  9 15:30:10 2022
Begin Incremental Netlisting May  9 15:30:39 2022
End netlisting May  9 15:30:40 2022
Begin Incremental Netlisting May  9 15:34:32 2022
ERROR (OSSHNL-109): The cellview 'Project_Lib1_sim/binary_counter_sim/schematic'
has been modified since the last extraction. Validate
that the schematic is
correct and run Check and Save to correct this error.

End netlisting May  9 15:34:32 2022
Begin Incremental Netlisting May  9 15:34:52 2022
End netlisting May  9 15:34:53 2022
Begin Incremental Netlisting May  9 15:38:35 2022
ERROR (OSSHNL-109): The cellview 'Project_Lib1_sim/binary_counter_sim/schematic'
has been modified since the last extraction. Validate
that the schematic is
correct and run Check and Save to correct this error.

End netlisting May  9 15:38:35 2022
Begin Incremental Netlisting May  9 15:38:40 2022
ERROR (OSSHNL-109): The cellview 'Project_Lib1_sim/binary_counter_sim/schematic'
has been modified since the last extraction. Validate
that the schematic is
correct and run Check and Save to correct this error.

End netlisting May  9 15:38:40 2022
Begin Incremental Netlisting May  9 15:39:01 2022
End netlisting May  9 15:39:01 2022
Begin Incremental Netlisting May  9 15:42:57 2022
End netlisting May  9 15:42:57 2022
